JUnit version 4.8.2
.....E
Time: 0.956
There was 1 failure:
1) rhino76683test(test.rhino.cases.Rhino76683Test)
org.mozilla.javascript.EvaluatorException: uncaught JavaScript exception: java.lang.NullPointerException
	at org.mozilla.javascript.DefaultErrorReporter.error(Unknown Source)
	at org.mozilla.javascript.Context.reportError(Unknown Source)
	at org.mozilla.javascript.Context.reportError(Unknown Source)
	at org.mozilla.javascript.tools.shell.Main.evaluateReader(Unknown Source)
	at org.mozilla.javascript.tools.shell.Main.processFile(Unknown Source)
	at test.rhino.AbstractRhinoTest.callScript(AbstractRhinoTest.java:44)
	at test.rhino.AbstractRhinoTest.doTest(AbstractRhinoTest.java:33)
	at test.rhino.cases.Rhino76683Test.rhino76683test(Rhino76683Test.java:15)
	at sun.reflect.NativeMethodAccessorImpl.invoke0(Native Method)
	at sun.reflect.NativeMethodAccessorImpl.invoke(NativeMethodAccessorImpl.java:57)
	at sun.reflect.DelegatingMethodAccessorImpl.invoke(DelegatingMethodAccessorImpl.java:43)
	at java.lang.reflect.Method.invoke(Method.java:606)
	at org.junit.runners.model.FrameworkMethod$1.runReflectiveCall(FrameworkMethod.java:44)
	at org.junit.internal.runners.model.ReflectiveCallable.run(ReflectiveCallable.java:15)
	at org.junit.runners.model.FrameworkMethod.invokeExplosively(FrameworkMethod.java:41)
	at org.junit.internal.runners.statements.InvokeMethod.evaluate(InvokeMethod.java:20)
	at org.junit.internal.runners.statements.FailOnTimeout$1.run(FailOnTimeout.java:28)

FAILURES!!!
Tests run: 5,  Failures: 1

