JUnit version 4.8.2
.......E.......
Time: 2.485
There was 1 failure:
1) rhino114493test(test.rhino.cases.Rhino114493Test)
java.lang.ArrayIndexOutOfBoundsException: -1
	at org.mozilla.javascript.Interpreter.interpret(Unknown Source)
	at org.mozilla.javascript.InterpretedScript.call(Unknown Source)
	at org.mozilla.javascript.NativeGlobal.evalSpecial(Unknown Source)
	at org.mozilla.javascript.ScriptRuntime.callOrNewSpecial(Unknown Source)
	at org.mozilla.javascript.ScriptRuntime.callSpecial(Unknown Source)
	at org.mozilla.javascript.gen.c316.call(/home/psyflos/Auto-fix/patches/rhino/rhino-tests/js1_5/Regress/regress-114493.js:78)
	at org.mozilla.javascript.gen.c316.exec(/home/psyflos/Auto-fix/patches/rhino/rhino-tests/js1_5/Regress/regress-114493.js)
	at org.mozilla.javascript.Context.evaluateReader(Unknown Source)
	at org.mozilla.javascript.tools.shell.Main.evaluateReader(Unknown Source)
	at org.mozilla.javascript.tools.shell.Main.processFile(Unknown Source)
	at test.rhino.AbstractRhinoTest.callScript(AbstractRhinoTest.java:44)
	at test.rhino.AbstractRhinoTest.doTest(AbstractRhinoTest.java:33)
	at test.rhino.cases.Rhino114493Test.rhino114493test(Rhino114493Test.java:16)
	at sun.reflect.NativeMethodAccessorImpl.invoke0(Native Method)
	at sun.reflect.NativeMethodAccessorImpl.invoke(NativeMethodAccessorImpl.java:57)
	at sun.reflect.DelegatingMethodAccessorImpl.invoke(DelegatingMethodAccessorImpl.java:43)
	at java.lang.reflect.Method.invoke(Method.java:606)
	at org.junit.runners.model.FrameworkMethod$1.runReflectiveCall(FrameworkMethod.java:44)
	at org.junit.internal.runners.model.ReflectiveCallable.run(ReflectiveCallable.java:15)
	at org.junit.runners.model.FrameworkMethod.invokeExplosively(FrameworkMethod.java:41)
	at org.junit.internal.runners.statements.InvokeMethod.evaluate(InvokeMethod.java:20)
	at org.junit.internal.runners.statements.FailOnTimeout$1.run(FailOnTimeout.java:28)

FAILURES!!!
Tests run: 14,  Failures: 1

