JUnit version 4.8.2
.result: false
..result: false
.result: true
.result: false
.result: false
.result: true
..result: true
.result: true
.result: true
result: true
.result: false
...result: true
.result: true
.result: true
.result: false
.result: true
..result: true
.result: false
.result: false
E
Time: 3.129
There was 1 failure:
1) test131933(org.aspectj.ajdt.internal.compiler.batch.AjcTest131933)
junit.framework.AssertionFailedError: didn't expect errors: [error at (no source information available)
/home/psyflos/Auto-fix/patches/aspectj/testdata/src1/Pr131933.aj:0::0 Internal compiler error
java.lang.ClassCastException: org.aspectj.weaver.patterns.WildTypePattern cannot be cast to org.aspectj.weaver.patterns.ExactTypePattern
	at org.aspectj.weaver.patterns.TypePattern.resolveExactType(TypePattern.java:193)
	at org.aspectj.weaver.patterns.ReferencePointcut.resolveBindings(ReferencePointcut.java:130)
	at org.aspectj.weaver.patterns.Pointcut.resolve(Pointcut.java:194)
	at org.aspectj.ajdt.internal.compiler.ast.PointcutDesignator.finishResolveTypes(PointcutDesignator.java:84)
	at org.aspectj.ajdt.internal.compiler.ast.AdviceDeclaration.resolveStatements(AdviceDeclaration.java:118)
	at org.aspectj.org.eclipse.jdt.internal.compiler.ast.AbstractMethodDeclaration.resolve(AbstractMethodDeclaration.java:400)
	at org.aspectj.org.eclipse.jdt.internal.compiler.ast.TypeDeclaration.resolve(TypeDeclaration.java:1088)
	at org.aspectj.ajdt.internal.compiler.ast.AspectDeclaration.resolve(AspectDeclaration.java:116)
	at org.aspectj.org.eclipse.jdt.internal.compiler.ast.TypeDeclaration.resolve(TypeDeclaration.java:1137)
	at org.aspectj.org.eclipse.jdt.internal.compiler.ast.CompilationUnitDeclaration.resolve(CompilationUnitDeclaration.java:305)
	at org.aspectj.org.eclipse.jdt.internal.compiler.Compiler.process(Compiler.java:514)
	at org.aspectj.org.eclipse.jdt.internal.compiler.Compiler.compile(Compiler.java:329)
	at org.aspectj.ajdt.internal.core.builder.AjBuildManager.performCompilation(AjBuildManager.java:845)
	at org.aspectj.ajdt.internal.core.builder.AjBuildManager.doBuild(AjBuildManager.java:241)
	at org.aspectj.ajdt.internal.core.builder.AjBuildManager.batchBuild(AjBuildManager.java:161)
	at org.aspectj.ajdt.ajc.AjdtCommand.doCommand(AjdtCommand.java:112)
	at org.aspectj.ajdt.ajc.AjdtCommand.runCommand(AjdtCommand.java:60)
	at org.aspectj.ajdt.internal.compiler.batch.CommandTestCase.runCompiler(CommandTestCase.java:113)
	at org.aspectj.ajdt.internal.compiler.batch.CommandTestCase.checkCompile(CommandTestCase.java:74)
	at org.aspectj.ajdt.internal.compiler.batch.CommandTestCase.checkCompile(CommandTestCase.java:48)
	at org.aspectj.ajdt.internal.compiler.batch.AjcTest131933.test131933(AjcTest131933.java:13)
	at sun.reflect.NativeMethodAccessorImpl.invoke0(Native Method)
	at sun.reflect.NativeMethodAccessorImpl.invoke(NativeMethodAccessorImpl.java:57)
	at sun.reflect.DelegatingMethodAccessorImpl.invoke(DelegatingMethodAccessorImpl.java:43)
	at java.lang.reflect.Method.invoke(Method.java:606)
	at junit.framework.TestCase.runTest(TestCase.java:168)
	at junit.framework.TestCase.runBare(TestCase.java:134)
	at junit.framework.TestResult$1.protect(TestResult.java:110)
	at junit.framework.TestResult.runProtected(TestResult.java:128)
	at junit.framework.TestResult.run(TestResult.java:113)
	at junit.framework.TestCase.run(TestCase.java:124)
	at junit.framework.TestSuite.runTest(TestSuite.java:243)
	at junit.framework.TestSuite.run(TestSuite.java:238)
	at org.junit.internal.runners.JUnit38ClassRunner.run(JUnit38ClassRunner.java:83)
	at org.junit.runners.Suite.runChild(Suite.java:128)
	at org.junit.runners.Suite.runChild(Suite.java:24)
	at org.junit.runners.ParentRunner$3.run(ParentRunner.java:193)
	at org.junit.runners.ParentRunner$1.schedule(ParentRunner.java:52)
	at org.junit.runners.ParentRunner.runChildren(ParentRunner.java:191)
	at org.junit.runners.ParentRunner.access$000(ParentRunner.java:42)
	at org.junit.runners.ParentRunner$2.evaluate(ParentRunner.java:184)
	at org.junit.runners.ParentRunner.run(ParentRunner.java:236)
	at org.junit.runners.Suite.runChild(Suite.java:128)
	at org.junit.runners.Suite.runChild(Suite.java:24)
	at org.junit.runners.ParentRunner$3.run(ParentRunner.java:193)
	at org.junit.runners.ParentRunner$1.schedule(ParentRunner.java:52)
	at org.junit.runners.ParentRunner.runChildren(ParentRunner.java:191)
	at org.junit.runners.ParentRunner.access$000(ParentRunner.java:42)
	at org.junit.runners.ParentRunner$2.evaluate(ParentRunner.java:184)
	at org.junit.runners.ParentRunner.run(ParentRunner.java:236)
	at org.junit.runner.JUnitCore.run(JUnitCore.java:157)
	at org.junit.runner.JUnitCore.run(JUnitCore.java:136)
	at org.junit.runner.JUnitCore.run(JUnitCore.java:117)
	at org.junit.runner.JUnitCore.runMain(JUnitCore.java:98)
	at org.junit.runner.JUnitCore.runMainAndExit(JUnitCore.java:53)
	at org.junit.runner.JUnitCore.main(JUnitCore.java:45)
]
	at junit.framework.Assert.fail(Assert.java:47)
	at junit.framework.Assert.assertTrue(Assert.java:20)
	at org.aspectj.ajdt.internal.compiler.batch.CommandTestCase.runCompiler(CommandTestCase.java:152)
	at org.aspectj.ajdt.internal.compiler.batch.CommandTestCase.checkCompile(CommandTestCase.java:74)
	at org.aspectj.ajdt.internal.compiler.batch.CommandTestCase.checkCompile(CommandTestCase.java:48)
	at org.aspectj.ajdt.internal.compiler.batch.AjcTest131933.test131933(AjcTest131933.java:13)
	at sun.reflect.NativeMethodAccessorImpl.invoke0(Native Method)
	at sun.reflect.NativeMethodAccessorImpl.invoke(NativeMethodAccessorImpl.java:57)
	at sun.reflect.DelegatingMethodAccessorImpl.invoke(DelegatingMethodAccessorImpl.java:43)
	at java.lang.reflect.Method.invoke(Method.java:606)
	at junit.framework.TestCase.runTest(TestCase.java:168)
	at junit.framework.TestCase.runBare(TestCase.java:134)
	at junit.framework.TestResult$1.protect(TestResult.java:110)
	at junit.framework.TestResult.runProtected(TestResult.java:128)
	at junit.framework.TestResult.run(TestResult.java:113)
	at junit.framework.TestCase.run(TestCase.java:124)
	at junit.framework.TestSuite.runTest(TestSuite.java:243)
	at junit.framework.TestSuite.run(TestSuite.java:238)
	at org.junit.internal.runners.JUnit38ClassRunner.run(JUnit38ClassRunner.java:83)
	at org.junit.runners.Suite.runChild(Suite.java:128)
	at org.junit.runners.Suite.runChild(Suite.java:24)
	at org.junit.runners.ParentRunner$3.run(ParentRunner.java:193)
	at org.junit.runners.ParentRunner$1.schedule(ParentRunner.java:52)
	at org.junit.runners.ParentRunner.runChildren(ParentRunner.java:191)
	at org.junit.runners.ParentRunner.access$000(ParentRunner.java:42)
	at org.junit.runners.ParentRunner$2.evaluate(ParentRunner.java:184)
	at org.junit.runners.ParentRunner.run(ParentRunner.java:236)
	at org.junit.runners.Suite.runChild(Suite.java:128)
	at org.junit.runners.Suite.runChild(Suite.java:24)
	at org.junit.runners.ParentRunner$3.run(ParentRunner.java:193)
	at org.junit.runners.ParentRunner$1.schedule(ParentRunner.java:52)
	at org.junit.runners.ParentRunner.runChildren(ParentRunner.java:191)
	at org.junit.runners.ParentRunner.access$000(ParentRunner.java:42)
	at org.junit.runners.ParentRunner$2.evaluate(ParentRunner.java:184)
	at org.junit.runners.ParentRunner.run(ParentRunner.java:236)
	at org.junit.runner.JUnitCore.run(JUnitCore.java:157)
	at org.junit.runner.JUnitCore.run(JUnitCore.java:136)
	at org.junit.runner.JUnitCore.run(JUnitCore.java:117)
	at org.junit.runner.JUnitCore.runMain(JUnitCore.java:98)
	at org.junit.runner.JUnitCore.runMainAndExit(JUnitCore.java:53)
	at org.junit.runner.JUnitCore.main(JUnitCore.java:45)

FAILURES!!!
Tests run: 23,  Failures: 1

