JUnit version 4.8.2
...............E
Time: 2.673
There was 1 failure:
1) rhino184107test(test.rhino.cases.Rhino184107Test)
org.mozilla.javascript.EvaluatorException: uncaught JavaScript exception: ReferenceError: "f" is not defined. (/home/psyflos/Auto-fix/patches/rhino/rhino-tests/js1_5/Scope/regress-184107.js; line 84) (/home/psyflos/Auto-fix/patches/rhino/rhino-tests/js1_5/Scope/regress-184107.js; line 84)
	at org.mozilla.javascript.DefaultErrorReporter.error(DefaultErrorReporter.java:69)
	at org.mozilla.javascript.Context.reportError(Context.java:551)
	at org.mozilla.javascript.tools.shell.Main.evaluateReader(Main.java:375)
	at org.mozilla.javascript.tools.shell.Main.processFileSecure(Main.java:354)
	at org.mozilla.javascript.tools.shell.Main.processFile(Main.java:291)
	at test.rhino.AbstractRhinoTest.callScript(AbstractRhinoTest.java:44)
	at test.rhino.AbstractRhinoTest.doTest(AbstractRhinoTest.java:33)
	at test.rhino.cases.Rhino184107Test.rhino184107test(Rhino184107Test.java:15)
	at sun.reflect.NativeMethodAccessorImpl.invoke0(Native Method)
	at sun.reflect.NativeMethodAccessorImpl.invoke(NativeMethodAccessorImpl.java:57)
	at sun.reflect.DelegatingMethodAccessorImpl.invoke(DelegatingMethodAccessorImpl.java:43)
	at java.lang.reflect.Method.invoke(Method.java:606)
	at org.junit.runners.model.FrameworkMethod$1.runReflectiveCall(FrameworkMethod.java:44)
	at org.junit.internal.runners.model.ReflectiveCallable.run(ReflectiveCallable.java:15)
	at org.junit.runners.model.FrameworkMethod.invokeExplosively(FrameworkMethod.java:41)
	at org.junit.internal.runners.statements.InvokeMethod.evaluate(InvokeMethod.java:20)
	at org.junit.internal.runners.statements.FailOnTimeout$1.run(FailOnTimeout.java:28)

FAILURES!!!
Tests run: 15,  Failures: 1

